


rnbqkbnr
pppppppp
********
********
********
********
PPPPPPPP
RNBQKBNR
White to move
b1-c3 d7-d5 d2-d4 c8-f5 c1-f4 e7-e6 e2-e3 g8-f6 f1-d3 f5-d3 c3-d5 
nodeCount: 125024 hashValue: 10786242538031579560
best move=g1-f3 (13)
rnbqkb*r
pppppppp
*****n**
********
********
*****N**
PPPPPPPP
RNBQKB*R
White to move
d2-d4 d7-d5 b1-c3 b8-d7 a1-a1 e7-e6 c3-b5 
nodeCount: 125009 hashValue: 139161256173671581
best move=d2-d4 (19)
rnbqkb*r
pppp*ppp
****pn**
********
***P****
*****N**
PPP*PPPP
RNBQKB*R
White to move
b1-c3 d7-d5 c1-f4 f8-b4 d1-d3 f6-e4 f4-c7 d8-c7 d3-b5 
nodeCount: 150013 hashValue: 11820614573742890587
best move=b1-c3 (12)
rnbqkb*r
ppp**ppp
****pn**
***p****
***P****
**N**N**
PPP*PPPP
R*BQKB*R
White to move
c1-g5 f8-b4 a2-a4 b8-c6 f3-e5 c6-e5 d4-e5 b4-c3 
nodeCount: 175037 hashValue: 8618900824268524357
best move=c1-g5 (8)
rnbqk**r
ppp*bppp
****pn**
***p**B*
***P****
**N**N**
PPP*PPPP
R**QKB*R
White to move
e2-e3 b8-c6 f1-d3 e8-g8 f3-e5 f6-e4 g5-e7 d8-e7 e5-c6 e4-c3 
nodeCount: 175046 hashValue: 12409896046094177717
best move=e2-e3 (40)
rnbq*rk*
ppp*bppp
****pn**
***p**B*
***P****
**N*PN**
PPP**PPP
R**QKB*R
White to move
h2-h4 b8-c6 g5-f6 e7-f6 c3-d5 
nodeCount: 175057 hashValue: 1145090065492622663
best move=f1-d3 (30)
rnbq*rk*
ppp*bpp*
****pn*p
***p**B*
***P****
**NBPN**
PPP**PPP
R**QK**R
White to move
d3-b5 h6-g5 f3-g5 a1-a1 g5-f7 
nodeCount: 150092 hashValue: 1888769790119081137
best move=g5-f4 (10)
rnbq*rk*
pp**bpp*
****pn*p
**pp****
***P*B**
**NBPN**
PPP**PPP
R**QK**R
White to move
d4-c5 b8-c6 g2-g4 e7-c5 f4-c7 
nodeCount: 175071 hashValue: 9624047875529283863
best move=d4-c5 (15)
