


r*bqkb*r
ppp*pppp
**n**n**
***p****
***P****
**N*PN**
PPP**PPP
R*BQKB*R
Black to move
c8-f5 f1-b5 d8-b8 f3-e5 a7-a6 e5-c6 b7-c6 b5-c6 e8-d8 
nodeCount: 125010 hashValue: 18334291229029332690
best move=e7-e6 (-21)
r*bqkb*r
ppp**ppp
**n*pn**
***pN***
***P****
**N*P***
PPP**PPP
R*BQKB*R
Black to move
c8-d7 f1-d3 f8-d6 c3-d5 e6-d5 e5-c6 b7-c6 d3-h7 
nodeCount: 125060 hashValue: 13996108357682577146
best move=c8-d7 (1)
r**qkb*r
pppb*ppp
**n*pn**
***pN**Q
***P****
**N*P***
PPP**PPP
R*B*KB*R
Black to move
f6-h5 e5-d7 e8-d7 f1-e2 d8-g5 e2-h5 g5-h5 c3-d5 
nodeCount: 125072 hashValue: 15462018217637207021
best move=f6-h5 (1051)
r**qkb*r
pppb*ppp
**n*p***
*B*pN**n
***P****
**N*P***
PPP**PPP
R*B*K**R
Black to move
c6-e5 d4-e5 d8-g5 g2-g3 d7-b5 c3-b5 g5-e5 c2-c4 a1-a1 b5-d6 
nodeCount: 125012 hashValue: 1254173760804834294
best move=c6-e5 (1180)
r**qkb*r
pppb*ppp
****p***
*B*pP**n
********
**N*P***
PPP**PPP
R*B*K**R
Black to move
d8-g5 b5-f1 g5-e5 a2-a3 e5-f5 f1-d3 f5-g5 e1-f1 h5-g3 
nodeCount: 125044 hashValue: 4096561493259532590
best move=d8-g5 (1204)
r***kb*r
pppb*ppp
****p***
*B*pP*qn
*****P**
**N*P***
PPP***PP
R*B*K**R
Black to move
g5-g2 b5-d7 e8-d7 h1-f1 f8-e7 c3-d1 g2-c2 c1-d2 a8-b8 a1-a1 c2-d2 
nodeCount: 100005 hashValue: 10661576514506637009
best move=g5-g2 (1552)
r***kb*r
pppb*ppp
****p***
*B*pP**n
*****P**
**N*P***
PPP***qP
R*B*KR**
Black to move
d7-b5 c3-b5 f8-e7 b5-c7 e8-d7 c7-a8 e7-h4 e1-d1 g2-f1 d1-d2 h8-a8 c2-c3 f1-g2 d2-d1 a8-c8 a1-b1 b7-b5 
nodeCount: 100002 hashValue: 14942117985073886888
best move=d7-b5 (1964)
r***kb*r
ppp**ppp
****p***
*N*pP**n
*****P**
****P***
PPP***qP
R*B*KR**
Black to move
f8-e7 b5-c7 e8-d7 c7-a8 e7-h4 e1-d1 g2-f1 d1-d2 h8-a8 
nodeCount: 75011 hashValue: 12904303822070368263
best move=f8-e7 (1970)
r***k**r
ppp*bppp
****p***
*N*pP**n
*****P**
****PR**
PPP***qP
R*B*K***
Black to move
e7-h4 e1-d1 g2-f3 d1-d2 f3-f1 b5-c7 e8-d7 c7-a6 b7-a6 c2-c3 h4-f2 a2-a4 f1-c1 
nodeCount: 100000 hashValue: 2736419688961609184
best move=e7-h4 (2399)
